c:\users\nınja\source\repos\game\x64\debug\vc142.pdb
c:\users\nınja\source\repos\game\x64\debug\vc142.ıdb
c:\users\nınja\source\repos\game\x64\debug\tımer.obj
c:\users\nınja\source\repos\game\x64\debug\shaderclass.obj
c:\users\nınja\source\repos\game\x64\debug\player2.obj
c:\users\nınja\source\repos\game\x64\debug\player.obj
c:\users\nınja\source\repos\game\x64\debug\maın.obj
c:\users\nınja\source\repos\game\x64\debug\game2.obj
c:\users\nınja\source\repos\game\x64\debug\game.obj
c:\users\nınja\source\repos\game\x64\debug\anımator.obj
c:\users\nınja\source\repos\game\x64\debug\jsoncpp.obj
c:\users\nınja\source\repos\game\x64\debug\game.exe
c:\users\nınja\source\repos\game\x64\debug\game.ılk
c:\users\nınja\source\repos\game\x64\debug\game.pdb
c:\users\ninja\source\repos\game\x64\debug\animator.obj
c:\users\ninja\source\repos\game\x64\debug\game.obj
c:\users\ninja\source\repos\game\x64\debug\game2.obj
c:\users\ninja\source\repos\game\x64\debug\jsoncpp.obj
c:\users\ninja\source\repos\game\x64\debug\main.obj
c:\users\ninja\source\repos\game\x64\debug\player.obj
c:\users\ninja\source\repos\game\x64\debug\player2.obj
c:\users\ninja\source\repos\game\x64\debug\shaderclass.obj
c:\users\ninja\source\repos\game\x64\debug\timer.obj
c:\users\ninja\source\repos\game\x64\debug\game2.obj.enc
c:\users\ninja\source\repos\game\x64\debug\game.ilk
c:\users\ninja\source\repos\game\x64\debug\vc142.idb
c:\users\ninja\source\repos\game\x64\debug\game.pdb
c:\users\ninja\source\repos\game\x64\debug\vc142.pdb
c:\users\ninja\source\repos\game\x64\debug\game.tlog\cl.command.1.tlog
c:\users\ninja\source\repos\game\x64\debug\game.tlog\cl.read.1.tlog
c:\users\ninja\source\repos\game\x64\debug\game.tlog\cl.write.1.tlog
c:\users\ninja\source\repos\game\x64\debug\game.tlog\link.command.1.tlog
c:\users\ninja\source\repos\game\x64\debug\game.tlog\link.read.1.tlog
c:\users\ninja\source\repos\game\x64\debug\game.tlog\link.write.1.tlog
